<?xml version="1.0" encoding="UTF-8"?>
<testng-results skipped="0" failed="0" ignored="0" total="3" passed="3">
  <reporter-output>
  </reporter-output>
  <suite name="TestClass" duration-ms="4106" started-at="2020-09-14T11:58:04Z" finished-at="2020-09-14T11:58:08Z">
    <groups>
    </groups>
    <test name="Command line test" duration-ms="4106" started-at="2020-09-14T11:58:04Z" finished-at="2020-09-14T11:58:08Z">
      <class name="TestClass">
        <test-method status="PASS" signature="initialSetup()[pri:0, instance:TestClass@3dd3bcd]" name="initialSetup" is-config="true" duration-ms="11674" started-at="2020-09-14T11:57:52Z" finished-at="2020-09-14T11:58:04Z">
          <reporter-output>
          </reporter-output>
        </test-method> <!-- initialSetup -->
        <test-method status="PASS" signature="verify_LoginPage_Title()[pri:0, instance:TestClass@3dd3bcd]" name="verify_LoginPage_Title" duration-ms="196" started-at="2020-09-14T11:58:04Z" finished-at="2020-09-14T11:58:04Z">
          <reporter-output>
          </reporter-output>
        </test-method> <!-- verify_LoginPage_Title -->
        <test-method status="PASS" signature="verify_Application_Login()[pri:1, instance:TestClass@3dd3bcd]" name="verify_Application_Login" duration-ms="2469" started-at="2020-09-14T11:58:04Z" finished-at="2020-09-14T11:58:07Z">
          <reporter-output>
          </reporter-output>
        </test-method> <!-- verify_Application_Login -->
        <test-method status="PASS" signature="verify_NavigationMenu_Links()[pri:2, instance:TestClass@3dd3bcd]" name="verify_NavigationMenu_Links" duration-ms="1410" started-at="2020-09-14T11:58:07Z" finished-at="2020-09-14T11:58:08Z">
          <reporter-output>
          </reporter-output>
        </test-method> <!-- verify_NavigationMenu_Links -->
        <test-method status="PASS" signature="tearDown()[pri:0, instance:TestClass@3dd3bcd]" name="tearDown" is-config="true" duration-ms="156" started-at="2020-09-14T11:58:08Z" finished-at="2020-09-14T11:58:08Z">
          <reporter-output>
          </reporter-output>
        </test-method> <!-- tearDown -->
      </class> <!-- TestClass -->
    </test> <!-- Command line test -->
  </suite> <!-- TestClass -->
</testng-results>
